<?xml version="1.0" encoding="UTF-8"?>
<testng-results skipped="0" failed="0" total="1" passed="1">
  <reporter-output>
    <line>
      <![CDATA[Opening gmail....]]>
    </line>
  </reporter-output>
  <suite name="Suite" duration-ms="23059" started-at="2016-08-17T18:50:11Z" finished-at="2016-08-17T18:50:34Z">
    <groups>
    </groups>
    <test name="Test" duration-ms="23059" started-at="2016-08-17T18:50:11Z" finished-at="2016-08-17T18:50:34Z">
      <class name="GithubJenkinsPkg.GithubJenkinsDemo">
        <test-method status="PASS" signature="testA()[pri:0, instance:GithubJenkinsPkg.GithubJenkinsDemo@190c9c3]" name="testA" duration-ms="23041" started-at="2016-08-18T00:20:11Z" finished-at="2016-08-18T00:20:34Z">
          <reporter-output>
            <line>
              <![CDATA[Opening gmail....]]>
            </line>
          </reporter-output>
        </test-method> <!-- testA -->
      </class> <!-- GithubJenkinsPkg.GithubJenkinsDemo -->
    </test> <!-- Test -->
  </suite> <!-- Suite -->
</testng-results>
